============================= test session starts =============================
platform win32 -- Python 3.14.3, pytest-9.0.2, pluggy-1.6.0
rootdir: C:\Users\click\OneDrive\Desktop\GraphNotebook
configfile: pyproject.toml
plugins: anyio-4.13.0, langsmith-0.7.22, asyncio-1.3.0
asyncio: mode=Mode.STRICT, debug=False, asyncio_default_fixture_loop_scope=function, asyncio_default_test_loop_scope=function
collected 70 items

tests\test_chunker.py ......                                             [  8%]
tests\test_communities.py ........                                       [ 20%]
tests\test_config.py F

================================== FAILURES ===================================
___________________________ test_settings_defaults ____________________________

    def test_settings_defaults():
        """Verify all expected defaults are present without env override."""
        s = Settings()
        assert s.embedding_model == "BAAI/bge-m3"
>       assert s.embedding_dimensions == 1024
               ^^^^^^^^^^^^^^^^^^^^^^

tests\test_config.py:10: 
_ _ _ _ _ _ _ _ _ _ _ _ _ _ _ _ _ _ _ _ _ _ _ _ _ _ _ _ _ _ _ _ _ _ _ _ _ _ _ _

self = Settings(neo4j_uri='bolt://localhost:7687', neo4j_user='neo4j', neo4j_password='password', data_dir='./data', openrout...nk_size=512, chunk_overlap=64, encoding_name='cl100k_base', cross_encoder_model='cross-encoder/ms-marco-MiniLM-L-6-v2')
item = 'embedding_dimensions'

    def __getattr__(self, item: str) -> Any:
        private_attributes = object.__getattribute__(self, '__private_attributes__')
        if item in private_attributes:
            attribute = private_attributes[item]
            if hasattr(attribute, '__get__'):
                return attribute.__get__(self, type(self))  # type: ignore
    
            try:
                # Note: self.__pydantic_private__ cannot be None if self.__private_attributes__ has items
                return self.__pydantic_private__[item]  # type: ignore
            except KeyError as exc:
                raise AttributeError(f'{type(self).__name__!r} object has no attribute {item!r}') from exc
        else:
            # `__pydantic_extra__` can fail to be set if the model is not yet fully initialized.
            # See `BaseModel.__repr_args__` for more details
            try:
                pydantic_extra = object.__getattribute__(self, '__pydantic_extra__')
            except AttributeError:
                pydantic_extra = None
    
            if pydantic_extra and item in pydantic_extra:
                return pydantic_extra[item]
            else:
                if hasattr(self.__class__, item):
                    return super().__getattribute__(item)  # Raises AttributeError if appropriate
                else:
                    # this is the current error
>                   raise AttributeError(f'{type(self).__name__!r} object has no attribute {item!r}')
E                   AttributeError: 'Settings' object has no attribute 'embedding_dimensions'

.venv\Lib\site-packages\pydantic\main.py:1026: AttributeError
============================== warnings summary ===============================
.venv\Lib\site-packages\langchain_core\_api\deprecation.py:25
  C:\Users\click\OneDrive\Desktop\GraphNotebook\.venv\Lib\site-packages\langchain_core\_api\deprecation.py:25: UserWarning: Core Pydantic V1 functionality isn't compatible with Python 3.14 or greater.
    from pydantic.v1.fields import FieldInfo as FieldInfoV1

-- Docs: https://docs.pytest.org/en/stable/how-to/capture-warnings.html
=========================== short test summary info ===========================
FAILED tests/test_config.py::test_settings_defaults - AttributeError: 'Settin...
!!!!!!!!!!!!!!!!!!!!!!!!!! stopping after 1 failures !!!!!!!!!!!!!!!!!!!!!!!!!!
================== 1 failed, 14 passed, 1 warning in 10.70s ===================
